<?xml version="1.0" encoding="UTF-8"?>
<coverage generated="1714593132565" clover="3.2.0">
  <project timestamp="1714593132566" name="All files">
    <metrics statements="60" coveredstatements="60" conditionals="36" coveredconditionals="36" methods="26" coveredmethods="26" elements="122" coveredelements="122" complexity="0" loc="60" ncloc="60" packages="1" files="1" classes="1"/>
    <file name="filetree.tsx" path="/home/peargen/projects/portfolio/src/system/filetree.tsx">
      <metrics statements="60" coveredstatements="60" conditionals="36" coveredconditionals="36" methods="26" coveredmethods="26"/>
      <line num="12" count="73" type="cond" truecount="2" falsecount="0"/>
      <line num="15" count="73" type="cond" truecount="2" falsecount="0"/>
      <line num="19" count="73" type="stmt"/>
      <line num="20" count="73" type="cond" truecount="2" falsecount="0"/>
      <line num="21" count="26" type="stmt"/>
      <line num="24" count="47" type="cond" truecount="2" falsecount="0"/>
      <line num="29" count="73" type="stmt"/>
      <line num="30" count="73" type="stmt"/>
      <line num="31" count="73" type="stmt"/>
      <line num="33" count="73" type="cond" truecount="4" falsecount="0"/>
      <line num="34" count="1" type="stmt"/>
      <line num="40" count="1" type="stmt"/>
      <line num="45" count="68" type="stmt"/>
      <line num="50" count="2" type="stmt"/>
      <line num="55" count="6" type="stmt"/>
      <line num="59" count="4" type="stmt"/>
      <line num="63" count="34" type="stmt"/>
      <line num="67" count="4" type="stmt"/>
      <line num="71" count="26" type="cond" truecount="2" falsecount="0"/>
      <line num="75" count="40" type="stmt"/>
      <line num="79" count="8" type="cond" truecount="2" falsecount="0"/>
      <line num="83" count="11" type="stmt"/>
      <line num="84" count="8" type="stmt"/>
      <line num="85" count="10" type="stmt"/>
      <line num="86" count="10" type="stmt"/>
      <line num="87" count="10" type="cond" truecount="2" falsecount="0"/>
      <line num="88" count="6" type="stmt"/>
      <line num="91" count="2" type="stmt"/>
      <line num="95" count="7" type="stmt"/>
      <line num="99" count="7" type="stmt"/>
      <line num="104" count="25" type="stmt"/>
      <line num="109" count="23" type="stmt"/>
      <line num="114" count="48" type="cond" truecount="2" falsecount="0"/>
      <line num="115" count="1" type="stmt"/>
      <line num="117" count="47" type="stmt"/>
      <line num="118" count="47" type="stmt"/>
      <line num="119" count="47" type="stmt"/>
      <line num="130" count="4" type="stmt"/>
      <line num="131" count="4" type="cond" truecount="2" falsecount="0"/>
      <line num="132" count="2" type="cond" truecount="2" falsecount="0"/>
      <line num="134" count="1" type="stmt"/>
      <line num="135" count="1" type="stmt"/>
      <line num="137" count="1" type="stmt"/>
      <line num="150" count="6" type="stmt"/>
      <line num="151" count="6" type="cond" truecount="2" falsecount="0"/>
      <line num="152" count="4" type="cond" truecount="2" falsecount="0"/>
      <line num="153" count="3" type="cond" truecount="2" falsecount="0"/>
      <line num="155" count="2" type="stmt"/>
      <line num="156" count="2" type="stmt"/>
      <line num="158" count="2" type="stmt"/>
      <line num="168" count="14" type="stmt"/>
      <line num="169" count="14" type="cond" truecount="2" falsecount="0"/>
      <line num="172" count="12" type="stmt"/>
      <line num="173" count="9" type="stmt"/>
      <line num="174" count="9" type="stmt"/>
      <line num="176" count="9" type="stmt"/>
      <line num="179" count="12" type="stmt"/>
      <line num="180" count="12" type="stmt"/>
      <line num="181" count="12" type="stmt"/>
      <line num="183" count="12" type="stmt"/>
    </file>
  </project>
</coverage>
