{"/home/peargen/projects/portfolio/src/system/filetree.tsx": {"path":"/home/peargen/projects/portfolio/src/system/filetree.tsx","statementMap":{"0":{"start":{"line":12,"column":8},"end":{"line":14,"column":19}},"1":{"start":{"line":15,"column":8},"end":{"line":17,"column":19}},"2":{"start":{"line":19,"column":8},"end":{"line":19,"column":33}},"3":{"start":{"line":20,"column":8},"end":{"line":27,"column":9}},"4":{"start":{"line":21,"column":12},"end":{"line":21,"column":42}},"5":{"start":{"line":24,"column":12},"end":{"line":26,"column":56}},"6":{"start":{"line":29,"column":8},"end":{"line":29,"column":33}},"7":{"start":{"line":30,"column":8},"end":{"line":30,"column":39}},"8":{"start":{"line":31,"column":8},"end":{"line":31,"column":27}},"9":{"start":{"line":33,"column":8},"end":{"line":35,"column":9}},"10":{"start":{"line":34,"column":12},"end":{"line":34,"column":63}},"11":{"start":{"line":40,"column":8},"end":{"line":40,"column":33}},"12":{"start":{"line":45,"column":8},"end":{"line":45,"column":29}},"13":{"start":{"line":50,"column":8},"end":{"line":50,"column":29}},"14":{"start":{"line":55,"column":8},"end":{"line":55,"column":64}},"15":{"start":{"line":55,"column":44},"end":{"line":55,"column":63}},"16":{"start":{"line":59,"column":8},"end":{"line":59,"column":27}},"17":{"start":{"line":63,"column":8},"end":{"line":63,"column":29}},"18":{"start":{"line":67,"column":8},"end":{"line":67,"column":29}},"19":{"start":{"line":71,"column":8},"end":{"line":71,"column":77}},"20":{"start":{"line":75,"column":8},"end":{"line":75,"column":79}},"21":{"start":{"line":75,"column":45},"end":{"line":75,"column":77}},"22":{"start":{"line":79,"column":19},"end":{"line":81,"column":18}},"23":{"start":{"line":83,"column":21},"end":{"line":83,"column":76}},"24":{"start":{"line":83,"column":59},"end":{"line":83,"column":75}},"25":{"start":{"line":84,"column":8},"end":{"line":89,"column":9}},"26":{"start":{"line":85,"column":12},"end":{"line":85,"column":30}},"27":{"start":{"line":86,"column":26},"end":{"line":86,"column":49}},"28":{"start":{"line":87,"column":12},"end":{"line":88,"column":38}},"29":{"start":{"line":87,"column":25},"end":{"line":87,"column":38}},"30":{"start":{"line":88,"column":19},"end":{"line":88,"column":36}},"31":{"start":{"line":91,"column":8},"end":{"line":91,"column":20}},"32":{"start":{"line":95,"column":8},"end":{"line":95,"column":102}},"33":{"start":{"line":95,"column":47},"end":{"line":95,"column":64}},"34":{"start":{"line":95,"column":81},"end":{"line":95,"column":100}},"35":{"start":{"line":99,"column":8},"end":{"line":99,"column":103}},"36":{"start":{"line":99,"column":47},"end":{"line":99,"column":65}},"37":{"start":{"line":99,"column":82},"end":{"line":99,"column":101}},"38":{"start":{"line":104,"column":8},"end":{"line":104,"column":54}},"39":{"start":{"line":109,"column":8},"end":{"line":109,"column":44}},"40":{"start":{"line":114,"column":8},"end":{"line":116,"column":9}},"41":{"start":{"line":115,"column":12},"end":{"line":115,"column":61}},"42":{"start":{"line":117,"column":23},"end":{"line":117,"column":79}},"43":{"start":{"line":118,"column":8},"end":{"line":118,"column":34}},"44":{"start":{"line":119,"column":8},"end":{"line":119,"column":22}},"45":{"start":{"line":130,"column":21},"end":{"line":130,"column":53}},"46":{"start":{"line":131,"column":8},"end":{"line":131,"column":45}},"47":{"start":{"line":131,"column":34},"end":{"line":131,"column":43}},"48":{"start":{"line":132,"column":8},"end":{"line":132,"column":43}},"49":{"start":{"line":132,"column":32},"end":{"line":132,"column":41}},"50":{"start":{"line":134,"column":29},"end":{"line":134,"column":56}},"51":{"start":{"line":135,"column":8},"end":{"line":135,"column":46}},"52":{"start":{"line":137,"column":8},"end":{"line":137,"column":17}},"53":{"start":{"line":150,"column":21},"end":{"line":150,"column":53}},"54":{"start":{"line":151,"column":8},"end":{"line":151,"column":44}},"55":{"start":{"line":151,"column":33},"end":{"line":151,"column":42}},"56":{"start":{"line":152,"column":8},"end":{"line":152,"column":44}},"57":{"start":{"line":152,"column":33},"end":{"line":152,"column":42}},"58":{"start":{"line":153,"column":8},"end":{"line":153,"column":57}},"59":{"start":{"line":153,"column":46},"end":{"line":153,"column":55}},"60":{"start":{"line":155,"column":29},"end":{"line":155,"column":56}},"61":{"start":{"line":156,"column":8},"end":{"line":156,"column":46}},"62":{"start":{"line":158,"column":8},"end":{"line":158,"column":17}},"63":{"start":{"line":168,"column":26},"end":{"line":168,"column":58}},"64":{"start":{"line":169,"column":8},"end":{"line":169,"column":50}},"65":{"start":{"line":169,"column":39},"end":{"line":169,"column":48}},"66":{"start":{"line":172,"column":8},"end":{"line":177,"column":9}},"67":{"start":{"line":173,"column":26},"end":{"line":173,"column":80}},"68":{"start":{"line":174,"column":30},"end":{"line":174,"column":49}},"69":{"start":{"line":176,"column":12},"end":{"line":176,"column":58}},"70":{"start":{"line":179,"column":29},"end":{"line":179,"column":61}},"71":{"start":{"line":180,"column":8},"end":{"line":180,"column":46}},"72":{"start":{"line":181,"column":8},"end":{"line":181,"column":43}},"73":{"start":{"line":183,"column":8},"end":{"line":183,"column":17}}},"fnMap":{"0":{"name":"(anonymous_0)","decl":{"start":{"line":11,"column":4},"end":{"line":11,"column":5}},"loc":{"start":{"line":11,"column":97},"end":{"line":36,"column":5}},"line":11},"1":{"name":"(anonymous_1)","decl":{"start":{"line":39,"column":4},"end":{"line":39,"column":5}},"loc":{"start":{"line":39,"column":34},"end":{"line":41,"column":5}},"line":39},"2":{"name":"(anonymous_2)","decl":{"start":{"line":44,"column":4},"end":{"line":44,"column":5}},"loc":{"start":{"line":44,"column":25},"end":{"line":46,"column":5}},"line":44},"3":{"name":"(anonymous_3)","decl":{"start":{"line":49,"column":4},"end":{"line":49,"column":5}},"loc":{"start":{"line":49,"column":25},"end":{"line":51,"column":5}},"line":49},"4":{"name":"(anonymous_4)","decl":{"start":{"line":54,"column":4},"end":{"line":54,"column":5}},"loc":{"start":{"line":54,"column":34},"end":{"line":56,"column":5}},"line":54},"5":{"name":"(anonymous_5)","decl":{"start":{"line":55,"column":33},"end":{"line":55,"column":34}},"loc":{"start":{"line":55,"column":44},"end":{"line":55,"column":63}},"line":55},"6":{"name":"(anonymous_6)","decl":{"start":{"line":58,"column":4},"end":{"line":58,"column":5}},"loc":{"start":{"line":58,"column":23},"end":{"line":60,"column":5}},"line":58},"7":{"name":"(anonymous_7)","decl":{"start":{"line":62,"column":4},"end":{"line":62,"column":5}},"loc":{"start":{"line":62,"column":25},"end":{"line":64,"column":5}},"line":62},"8":{"name":"(anonymous_8)","decl":{"start":{"line":66,"column":4},"end":{"line":66,"column":5}},"loc":{"start":{"line":66,"column":25},"end":{"line":68,"column":5}},"line":66},"9":{"name":"(anonymous_9)","decl":{"start":{"line":70,"column":4},"end":{"line":70,"column":5}},"loc":{"start":{"line":70,"column":75},"end":{"line":72,"column":5}},"line":70},"10":{"name":"(anonymous_10)","decl":{"start":{"line":74,"column":4},"end":{"line":74,"column":5}},"loc":{"start":{"line":74,"column":71},"end":{"line":76,"column":5}},"line":74},"11":{"name":"(anonymous_11)","decl":{"start":{"line":75,"column":34},"end":{"line":75,"column":35}},"loc":{"start":{"line":75,"column":45},"end":{"line":75,"column":77}},"line":75},"12":{"name":"(anonymous_12)","decl":{"start":{"line":78,"column":4},"end":{"line":78,"column":5}},"loc":{"start":{"line":78,"column":74},"end":{"line":92,"column":5}},"line":78},"13":{"name":"(anonymous_13)","decl":{"start":{"line":83,"column":48},"end":{"line":83,"column":49}},"loc":{"start":{"line":83,"column":59},"end":{"line":83,"column":75}},"line":83},"14":{"name":"(anonymous_14)","decl":{"start":{"line":94,"column":4},"end":{"line":94,"column":5}},"loc":{"start":{"line":94,"column":24},"end":{"line":96,"column":5}},"line":94},"15":{"name":"(anonymous_15)","decl":{"start":{"line":95,"column":36},"end":{"line":95,"column":37}},"loc":{"start":{"line":95,"column":47},"end":{"line":95,"column":64}},"line":95},"16":{"name":"(anonymous_16)","decl":{"start":{"line":95,"column":70},"end":{"line":95,"column":71}},"loc":{"start":{"line":95,"column":81},"end":{"line":95,"column":100}},"line":95},"17":{"name":"(anonymous_17)","decl":{"start":{"line":98,"column":4},"end":{"line":98,"column":5}},"loc":{"start":{"line":98,"column":15},"end":{"line":100,"column":5}},"line":98},"18":{"name":"(anonymous_18)","decl":{"start":{"line":99,"column":36},"end":{"line":99,"column":37}},"loc":{"start":{"line":99,"column":47},"end":{"line":99,"column":65}},"line":99},"19":{"name":"(anonymous_19)","decl":{"start":{"line":99,"column":71},"end":{"line":99,"column":72}},"loc":{"start":{"line":99,"column":82},"end":{"line":99,"column":101}},"line":99},"20":{"name":"(anonymous_20)","decl":{"start":{"line":103,"column":4},"end":{"line":103,"column":5}},"loc":{"start":{"line":103,"column":58},"end":{"line":105,"column":5}},"line":103},"21":{"name":"(anonymous_21)","decl":{"start":{"line":108,"column":4},"end":{"line":108,"column":5}},"loc":{"start":{"line":108,"column":51},"end":{"line":110,"column":5}},"line":108},"22":{"name":"(anonymous_22)","decl":{"start":{"line":113,"column":4},"end":{"line":113,"column":5}},"loc":{"start":{"line":113,"column":80},"end":{"line":120,"column":5}},"line":113},"23":{"name":"(anonymous_23)","decl":{"start":{"line":129,"column":4},"end":{"line":129,"column":5}},"loc":{"start":{"line":129,"column":33},"end":{"line":138,"column":5}},"line":129},"24":{"name":"(anonymous_24)","decl":{"start":{"line":149,"column":4},"end":{"line":149,"column":5}},"loc":{"start":{"line":149,"column":38},"end":{"line":159,"column":5}},"line":149},"25":{"name":"(anonymous_25)","decl":{"start":{"line":167,"column":4},"end":{"line":167,"column":5}},"loc":{"start":{"line":167,"column":47},"end":{"line":184,"column":5}},"line":167}},"branchMap":{"0":{"loc":{"start":{"line":11,"column":65},"end":{"line":11,"column":82}},"type":"default-arg","locations":[{"start":{"line":11,"column":77},"end":{"line":11,"column":82}}],"line":11},"1":{"loc":{"start":{"line":11,"column":84},"end":{"line":11,"column":95}},"type":"default-arg","locations":[{"start":{"line":11,"column":93},"end":{"line":11,"column":95}}],"line":11},"2":{"loc":{"start":{"line":12,"column":22},"end":{"line":14,"column":18}},"type":"cond-expr","locations":[{"start":{"line":13,"column":14},"end":{"line":13,"column":20}},{"start":{"line":14,"column":14},"end":{"line":14,"column":18}}],"line":12},"3":{"loc":{"start":{"line":15,"column":20},"end":{"line":17,"column":18}},"type":"cond-expr","locations":[{"start":{"line":16,"column":14},"end":{"line":16,"column":30}},{"start":{"line":17,"column":14},"end":{"line":17,"column":18}}],"line":15},"4":{"loc":{"start":{"line":20,"column":8},"end":{"line":27,"column":9}},"type":"if","locations":[{"start":{"line":20,"column":8},"end":{"line":27,"column":9}},{"start":{"line":23,"column":13},"end":{"line":27,"column":9}}],"line":20},"5":{"loc":{"start":{"line":24,"column":28},"end":{"line":26,"column":55}},"type":"cond-expr","locations":[{"start":{"line":25,"column":18},"end":{"line":25,"column":49}},{"start":{"line":26,"column":18},"end":{"line":26,"column":55}}],"line":24},"6":{"loc":{"start":{"line":33,"column":8},"end":{"line":35,"column":9}},"type":"if","locations":[{"start":{"line":33,"column":8},"end":{"line":35,"column":9}},{"start":{},"end":{}}],"line":33},"7":{"loc":{"start":{"line":33,"column":12},"end":{"line":33,"column":56}},"type":"binary-expr","locations":[{"start":{"line":33,"column":12},"end":{"line":33,"column":36}},{"start":{"line":33,"column":40},"end":{"line":33,"column":56}}],"line":33},"8":{"loc":{"start":{"line":71,"column":15},"end":{"line":71,"column":76}},"type":"binary-expr","locations":[{"start":{"line":71,"column":15},"end":{"line":71,"column":42}},{"start":{"line":71,"column":46},"end":{"line":71,"column":76}}],"line":71},"9":{"loc":{"start":{"line":79,"column":19},"end":{"line":81,"column":18}},"type":"cond-expr","locations":[{"start":{"line":80,"column":14},"end":{"line":80,"column":23}},{"start":{"line":81,"column":14},"end":{"line":81,"column":18}}],"line":79},"10":{"loc":{"start":{"line":87,"column":12},"end":{"line":88,"column":38}},"type":"if","locations":[{"start":{"line":87,"column":12},"end":{"line":88,"column":38}},{"start":{"line":88,"column":17},"end":{"line":88,"column":38}}],"line":87},"11":{"loc":{"start":{"line":103,"column":30},"end":{"line":103,"column":40}},"type":"default-arg","locations":[{"start":{"line":103,"column":38},"end":{"line":103,"column":40}}],"line":103},"12":{"loc":{"start":{"line":113,"column":52},"end":{"line":113,"column":62}},"type":"default-arg","locations":[{"start":{"line":113,"column":60},"end":{"line":113,"column":62}}],"line":113},"13":{"loc":{"start":{"line":114,"column":8},"end":{"line":116,"column":9}},"type":"if","locations":[{"start":{"line":114,"column":8},"end":{"line":116,"column":9}},{"start":{},"end":{}}],"line":114},"14":{"loc":{"start":{"line":131,"column":8},"end":{"line":131,"column":45}},"type":"if","locations":[{"start":{"line":131,"column":8},"end":{"line":131,"column":45}},{"start":{},"end":{}}],"line":131},"15":{"loc":{"start":{"line":132,"column":8},"end":{"line":132,"column":43}},"type":"if","locations":[{"start":{"line":132,"column":8},"end":{"line":132,"column":43}},{"start":{},"end":{}}],"line":132},"16":{"loc":{"start":{"line":151,"column":8},"end":{"line":151,"column":44}},"type":"if","locations":[{"start":{"line":151,"column":8},"end":{"line":151,"column":44}},{"start":{},"end":{}}],"line":151},"17":{"loc":{"start":{"line":152,"column":8},"end":{"line":152,"column":44}},"type":"if","locations":[{"start":{"line":152,"column":8},"end":{"line":152,"column":44}},{"start":{},"end":{}}],"line":152},"18":{"loc":{"start":{"line":153,"column":8},"end":{"line":153,"column":57}},"type":"if","locations":[{"start":{"line":153,"column":8},"end":{"line":153,"column":57}},{"start":{},"end":{}}],"line":153},"19":{"loc":{"start":{"line":169,"column":8},"end":{"line":169,"column":50}},"type":"if","locations":[{"start":{"line":169,"column":8},"end":{"line":169,"column":50}},{"start":{},"end":{}}],"line":169}},"s":{"0":73,"1":73,"2":73,"3":73,"4":26,"5":47,"6":73,"7":73,"8":73,"9":73,"10":1,"11":1,"12":68,"13":2,"14":2,"15":6,"16":4,"17":34,"18":4,"19":26,"20":36,"21":40,"22":8,"23":8,"24":11,"25":8,"26":10,"27":10,"28":10,"29":4,"30":6,"31":2,"32":1,"33":7,"34":3,"35":1,"36":7,"37":4,"38":25,"39":23,"40":48,"41":1,"42":47,"43":47,"44":47,"45":4,"46":4,"47":2,"48":2,"49":1,"50":1,"51":1,"52":1,"53":6,"54":6,"55":2,"56":4,"57":1,"58":3,"59":1,"60":2,"61":2,"62":2,"63":14,"64":14,"65":2,"66":12,"67":9,"68":9,"69":9,"70":12,"71":12,"72":12,"73":12},"f":{"0":73,"1":1,"2":68,"3":2,"4":2,"5":6,"6":4,"7":34,"8":4,"9":26,"10":36,"11":40,"12":8,"13":11,"14":1,"15":7,"16":3,"17":1,"18":7,"19":4,"20":25,"21":23,"22":48,"23":4,"24":6,"25":14},"b":{"0":[1],"1":[24],"2":[47,26],"3":[47,26],"4":[26,47],"5":[29,18],"6":[1,72],"7":[73,5],"8":[26,8],"9":[1,7],"10":[4,6],"11":[22],"12":[23],"13":[1,47],"14":[2,2],"15":[1,1],"16":[2,4],"17":[1,3],"18":[1,2],"19":[2,12]},"_coverageSchema":"1a1c01bbd47fc00a2c39e90264f33305004495a9","hash":"df35d42de91ae6ddefef1fe3b35f1f0df5943a71"}
}
