TN:
SF:src/system/filetree.tsx
FN:11,(anonymous_0)
FN:39,(anonymous_1)
FN:44,(anonymous_2)
FN:49,(anonymous_3)
FN:54,(anonymous_4)
FN:55,(anonymous_5)
FN:58,(anonymous_6)
FN:62,(anonymous_7)
FN:66,(anonymous_8)
FN:70,(anonymous_9)
FN:74,(anonymous_10)
FN:75,(anonymous_11)
FN:78,(anonymous_12)
FN:83,(anonymous_13)
FN:94,(anonymous_14)
FN:95,(anonymous_15)
FN:95,(anonymous_16)
FN:98,(anonymous_17)
FN:99,(anonymous_18)
FN:99,(anonymous_19)
FN:103,(anonymous_20)
FN:108,(anonymous_21)
FN:113,(anonymous_22)
FN:129,(anonymous_23)
FN:149,(anonymous_24)
FN:167,(anonymous_25)
FNF:26
FNH:26
FNDA:73,(anonymous_0)
FNDA:1,(anonymous_1)
FNDA:68,(anonymous_2)
FNDA:2,(anonymous_3)
FNDA:2,(anonymous_4)
FNDA:6,(anonymous_5)
FNDA:4,(anonymous_6)
FNDA:34,(anonymous_7)
FNDA:4,(anonymous_8)
FNDA:26,(anonymous_9)
FNDA:36,(anonymous_10)
FNDA:40,(anonymous_11)
FNDA:8,(anonymous_12)
FNDA:11,(anonymous_13)
FNDA:1,(anonymous_14)
FNDA:7,(anonymous_15)
FNDA:3,(anonymous_16)
FNDA:1,(anonymous_17)
FNDA:7,(anonymous_18)
FNDA:4,(anonymous_19)
FNDA:25,(anonymous_20)
FNDA:23,(anonymous_21)
FNDA:48,(anonymous_22)
FNDA:4,(anonymous_23)
FNDA:6,(anonymous_24)
FNDA:14,(anonymous_25)
DA:12,73
DA:15,73
DA:19,73
DA:20,73
DA:21,26
DA:24,47
DA:29,73
DA:30,73
DA:31,73
DA:33,73
DA:34,1
DA:40,1
DA:45,68
DA:50,2
DA:55,6
DA:59,4
DA:63,34
DA:67,4
DA:71,26
DA:75,40
DA:79,8
DA:83,11
DA:84,8
DA:85,10
DA:86,10
DA:87,10
DA:88,6
DA:91,2
DA:95,7
DA:99,7
DA:104,25
DA:109,23
DA:114,48
DA:115,1
DA:117,47
DA:118,47
DA:119,47
DA:130,4
DA:131,4
DA:132,2
DA:134,1
DA:135,1
DA:137,1
DA:150,6
DA:151,6
DA:152,4
DA:153,3
DA:155,2
DA:156,2
DA:158,2
DA:168,14
DA:169,14
DA:172,12
DA:173,9
DA:174,9
DA:176,9
DA:179,12
DA:180,12
DA:181,12
DA:183,12
LF:60
LH:60
BRDA:11,0,0,1
BRDA:11,1,0,24
BRDA:12,2,0,47
BRDA:12,2,1,26
BRDA:15,3,0,47
BRDA:15,3,1,26
BRDA:20,4,0,26
BRDA:20,4,1,47
BRDA:24,5,0,29
BRDA:24,5,1,18
BRDA:33,6,0,1
BRDA:33,6,1,72
BRDA:33,7,0,73
BRDA:33,7,1,5
BRDA:71,8,0,26
BRDA:71,8,1,8
BRDA:79,9,0,1
BRDA:79,9,1,7
BRDA:87,10,0,4
BRDA:87,10,1,6
BRDA:103,11,0,22
BRDA:113,12,0,23
BRDA:114,13,0,1
BRDA:114,13,1,47
BRDA:131,14,0,2
BRDA:131,14,1,2
BRDA:132,15,0,1
BRDA:132,15,1,1
BRDA:151,16,0,2
BRDA:151,16,1,4
BRDA:152,17,0,1
BRDA:152,17,1,3
BRDA:153,18,0,1
BRDA:153,18,1,2
BRDA:169,19,0,2
BRDA:169,19,1,12
BRF:36
BRH:36
end_of_record
